$ next build
info  - Linting and checking validity of types...
info  - Creating an optimized production build...
info  - Compiled successfully
info  - Collecting page data...
info  - Generating static pages (0/2)
info  - Generating static pages (2/2)
info  - Finalizing page optimization...

Route (pages)                              Size     First Load JS
┌ λ /                                      4.42 kB        77.2 kB
├   └ css/ae0e3e027412e072.css             707 B
├   /_app                                  0 B            72.7 kB
├ ○ /404                                   182 B          72.9 kB
└ λ /api/hello                             0 B            72.7 kB
+ First Load JS shared by all              73 kB
  ├ chunks/framework-e3581d3c51bcff58.js   45.4 kB
  ├ chunks/main-85bbc73601bc28fe.js        26.3 kB
  ├ chunks/pages/_app-3d025f33efe568dd.js  299 B
  ├ chunks/webpack-8fa1640cc84ba8fe.js     750 B
  └ css/ab44ce7add5c3d11.css               247 B

λ  (Server)  server-side renders at runtime (uses getInitialProps or getServerSideProps)
○  (Static)  automatically rendered as static HTML (uses no initial props)

